2026-03-12 23:09:24,track=-1,tube=araldite,conf=0.68,uuid=8eaccbf7-7c3a-4dbe-81db-9811416a5fe9
2026-03-12 23:09:34,track=-1,tube=araldite,conf=0.83,uuid=8ce55eb4-9736-437f-a176-203f1d8c34b2
2026-03-12 23:09:36,track=11,tube=araldite,conf=0.69,uuid=18fda01b-d763-4542-9db8-74e4eeb65d72
2026-03-12 23:09:36,track=11,tube=araldite,conf=0.89,uuid=b8d79daa-8fd4-4e2f-a23e-beff1d0b495d
2026-03-12 23:09:36,track=11,tube=araldite,conf=0.85,uuid=f2a5e626-b93a-4dd8-8f01-bee71a57b433
2026-03-12 23:09:37,track=11,tube=araldite,conf=0.63,uuid=6831d715-1d6c-4dd8-a726-22504ba3aca4
2026-03-12 23:09:37,track=11,tube=araldite,conf=0.62,uuid=df0c73c5-2f00-4cec-9aaf-de1c01de8f57
2026-03-12 23:09:38,track=11,tube=araldite,conf=0.62,uuid=49d1285e-ba6f-46bf-a905-d62c3663ad1f
2026-03-12 23:10:18,track=-1,tube=araldite,conf=0.80,uuid=aa6e51ca-c1bc-486c-808e-2882a4010585
2026-03-12 23:10:36,track=38,tube=araldite,conf=0.64,uuid=594ebfea-d2ca-4d04-a99a-c8360317c60e
2026-03-12 23:10:41,track=-1,tube=araldite,conf=0.64,uuid=8c4ff0c0-bc58-4ab3-9169-e9baf8032aa2
2026-03-12 23:10:41,track=41,tube=araldite,conf=0.90,uuid=2c8d0553-22ac-486a-86de-7682aeab40cf
2026-03-12 23:10:41,track=41,tube=araldite,conf=0.76,uuid=d56fede3-ef35-4cc1-90d2-8ef01a4815bb
2026-03-12 23:10:41,track=42,tube=araldite,conf=0.97,uuid=94760b5c-faa0-434b-8071-574ec688b28d
2026-03-12 23:10:41,track=41,tube=araldite,conf=0.75,uuid=80ebc2f6-4432-4db3-9d08-60abebe8c57b
2026-03-12 23:10:42,track=42,tube=araldite,conf=0.89,uuid=5829b859-e894-4dab-9132-fe2bf18a00b3
2026-03-12 23:10:42,track=41,tube=araldite,conf=0.85,uuid=e5a90532-b724-4834-938d-048eee9b0e19
2026-03-12 23:10:42,track=41,tube=araldite,conf=0.71,uuid=e80ec31b-519c-4a8c-9453-7b229baad457
2026-03-12 23:10:42,track=42,tube=araldite,conf=0.89,uuid=bb3baaf1-7391-4941-914a-33d386b4cdbb
2026-03-12 23:10:42,track=41,tube=araldite,conf=0.64,uuid=1050a191-1db8-40f8-bc5b-a3d9da4d4b1f
2026-03-12 23:10:42,track=42,tube=araldite,conf=0.76,uuid=0314d859-bf23-40f5-b044-a775c2194297
2026-03-12 23:10:42,track=42,tube=araldite,conf=0.83,uuid=a25af5fb-de69-4a23-a30e-5b34abde2387
2026-03-12 23:10:42,track=42,tube=araldite,conf=0.68,uuid=d3f4c4e7-e622-4cef-bef1-a33f010f3f04
2026-03-12 23:10:43,track=43,tube=araldite,conf=0.64,uuid=f0edbd8d-078a-4b00-ad10-668142b1d907
2026-03-12 23:10:45,track=46,tube=araldite,conf=0.75,uuid=a2cfb353-5061-465d-9524-2715520d468a
2026-03-12 23:10:46,track=46,tube=araldite,conf=0.67,uuid=cb5ab7c6-2bf8-4721-9904-a5ae1a2e1208
2026-03-12 23:10:48,track=-1,tube=araldite,conf=0.78,uuid=f18d265e-c294-4615-b807-c870c1eeb76f
2026-03-12 23:10:55,track=56,tube=araldite,conf=0.98,uuid=9df31b95-a71a-4dec-84fa-3d6bd11202ea
2026-03-12 23:10:55,track=56,tube=araldite,conf=0.96,uuid=fad292b3-af6d-451e-b590-8a161d87c6fe
2026-03-12 23:10:55,track=56,tube=araldite,conf=0.92,uuid=f13d0446-9e01-4ef8-bfcb-250cf2c10d6f
2026-03-12 23:10:55,track=56,tube=araldite,conf=0.97,uuid=672e6834-f169-4b51-beff-054337c94455
2026-03-12 23:10:55,track=56,tube=araldite,conf=0.88,uuid=38a33794-03e1-4e73-9e32-db93697b5205
2026-03-12 23:10:55,track=56,tube=araldite,conf=0.92,uuid=711deeaf-9db9-41f2-a258-e6b52728570b
2026-03-12 23:10:55,track=56,tube=araldite,conf=0.88,uuid=188f8dca-ca17-4e00-a19b-1d1dc4099370
2026-03-12 23:10:56,track=56,tube=araldite,conf=0.90,uuid=742ae071-c9f8-47a3-b64a-b29334548e58
2026-03-12 23:10:56,track=56,tube=araldite,conf=0.92,uuid=54f92cd8-87a1-4555-9b85-6b13ef67ee30
2026-03-12 23:10:56,track=56,tube=araldite,conf=0.94,uuid=a1845b14-afc2-4054-8e82-8aff7151d11e
2026-03-12 23:10:56,track=56,tube=araldite,conf=0.92,uuid=4a8ed4b2-01e0-4f65-9688-1c4301c63488
2026-03-12 23:10:56,track=56,tube=araldite,conf=0.89,uuid=60ac34bb-b7cb-4c9d-b5d5-76d8147fa98b
2026-03-12 23:10:56,track=56,tube=araldite,conf=0.92,uuid=0b27a9b1-0c36-4624-b04b-ee0a6d7f6f12
2026-03-12 23:10:56,track=56,tube=araldite,conf=0.98,uuid=ad3b3961-3f1e-4742-9125-602abed18f2c
2026-03-12 23:10:56,track=56,tube=araldite,conf=0.70,uuid=942115e6-f462-402a-94b5-a94e506946f9
2026-03-12 23:10:56,track=56,tube=araldite,conf=0.66,uuid=d76c8f38-2f14-4cf2-be0b-2b35e938edde
2026-03-12 23:10:57,track=-1,tube=araldite,conf=0.63,uuid=a0445542-84be-42e8-afc5-1e829774ae03
2026-03-12 23:11:02,track=62,tube=araldite,conf=0.66,uuid=8e24ee61-4fac-4fd2-a08d-6874eb319269
2026-03-12 23:11:02,track=62,tube=araldite,conf=0.62,uuid=352a7ff2-6939-43b1-be94-4d05ced05105
2026-03-12 23:11:18,track=66,tube=araldite,conf=0.77,uuid=2df7fc29-884d-481c-b0af-fda575a346b2
2026-03-12 23:11:18,track=66,tube=araldite,conf=0.62,uuid=174d8939-a4e4-4f60-a573-335e5b6704ae
2026-03-12 23:11:18,track=66,tube=araldite,conf=0.69,uuid=825f9be9-b51b-4cd8-89af-796354d63f8b
2026-03-12 23:11:19,track=71,tube=araldite,conf=0.78,uuid=1359345e-5c06-4ca3-b534-05f0f01aa7b3
2026-03-12 23:11:22,track=80,tube=araldite,conf=0.60,uuid=afb9b14b-bc67-4ed2-9a6e-5540bfaa71ab
2026-03-12 23:11:39,track=-1,tube=araldite,conf=0.76,uuid=e176b25a-2fe9-4581-ace4-369bb1269cfc
2026-03-12 23:11:39,track=-1,tube=araldite,conf=0.62,uuid=38011330-615f-4da1-a04e-0303c6d91961
2026-03-12 23:11:42,track=-1,tube=beutiful-n,conf=0.79,uuid=58645f79-3726-4d54-b2ef-1c88e1da54de
2026-03-12 23:11:58,track=-1,tube=araldite,conf=0.66,uuid=c5b6bc6f-3df9-4aff-802b-0c0e599db1dd
2026-03-12 23:12:07,track=118,tube=araldite,conf=0.85,uuid=5233cf54-b36c-4c3c-8229-6c80c4e899b3
2026-03-12 23:12:21,track=124,tube=araldite,conf=0.75,uuid=21b7c313-5e6c-4f2c-b551-85b77370ea7c
2026-03-12 23:12:21,track=123,tube=dk gel,conf=0.74,uuid=0f5c1376-cd59-46e8-b374-1f3db0583097
2026-03-12 23:12:24,track=109,tube=araldite,conf=0.62,uuid=a00629eb-79c4-43fe-b9ac-985564648284
2026-03-12 23:12:25,track=-1,tube=araldite,conf=0.64,uuid=21f53135-57f7-48ff-a411-bf88ef89ac9b
2026-03-12 23:12:25,track=126,tube=araldite,conf=0.68,uuid=77fae0fb-14ba-401d-bfd9-498de3c511d5
2026-03-12 23:12:25,track=126,tube=araldite,conf=0.68,uuid=b0cea23f-f810-438e-a4e3-b7ba1ee70d86
2026-03-12 23:12:25,track=126,tube=araldite,conf=0.65,uuid=83d8f890-ec72-40c2-bc81-06cc41b83e60
2026-03-12 23:12:25,track=126,tube=araldite,conf=0.74,uuid=d5ec0382-22fc-4f1b-b3f8-154f208e1f7c
2026-03-12 23:12:25,track=126,tube=araldite,conf=0.74,uuid=f9c1e8ed-ecd6-4bdb-8038-bc277822d94e
2026-03-12 23:12:26,track=126,tube=araldite,conf=0.71,uuid=07f3b0b2-f6b5-4459-b619-4b7c2c83a278
2026-03-12 23:12:26,track=126,tube=araldite,conf=0.67,uuid=e060e255-e824-439d-a5ea-5acfa7c7e518
2026-03-12 23:12:26,track=126,tube=araldite,conf=0.74,uuid=6e3dcb69-18e2-43c8-9819-d30da5a89bb9
2026-03-12 23:12:26,track=126,tube=araldite,conf=0.72,uuid=3344ebd8-e8ce-498e-b9fd-f6dc8be508f7
2026-03-12 23:12:26,track=126,tube=araldite,conf=0.82,uuid=78586f59-1b70-40e2-b39c-8413ecfcd535
2026-03-12 23:12:26,track=126,tube=araldite,conf=0.67,uuid=bc346a2a-b2c9-44c8-8e49-98a34f977f85
2026-03-12 23:12:26,track=126,tube=araldite,conf=0.72,uuid=6be83b70-0dec-4567-930e-d0d13d2f8290
2026-03-12 23:12:26,track=126,tube=araldite,conf=0.67,uuid=8f102b39-aa1e-40e3-ad1a-fbc60e8a0ee0
2026-03-12 23:12:26,track=126,tube=araldite,conf=0.66,uuid=eba89d70-ab9e-4dae-bdc8-4f78edbc94d7
2026-03-12 23:12:26,track=126,tube=araldite,conf=0.62,uuid=b7c3051d-2db7-42f2-bed7-29e1970bea29
2026-03-12 23:12:27,track=126,tube=araldite,conf=0.65,uuid=13d542d1-79de-431f-9a56-ea69a8c68eb4
2026-03-12 23:12:27,track=126,tube=araldite,conf=0.76,uuid=6a29d9bd-e749-46bf-8f1f-387736c074cf
2026-03-12 23:12:27,track=126,tube=araldite,conf=0.73,uuid=28ebb812-edca-4439-ad1b-8f5cf2f80368
2026-03-12 23:12:27,track=126,tube=araldite,conf=0.73,uuid=98608b72-c9ec-4f1c-aaa3-981524055d1c
2026-03-12 23:12:27,track=126,tube=araldite,conf=0.73,uuid=e773c784-f594-4b7e-b5d8-3f006af30791
2026-03-12 23:12:27,track=126,tube=araldite,conf=0.62,uuid=05e9d37f-aca5-41c9-a99b-c62a30ac9b7d
2026-03-12 23:12:27,track=126,tube=araldite,conf=0.64,uuid=6a29d91b-3959-4cef-92de-74bb2d0fc496
2026-03-12 23:12:27,track=126,tube=araldite,conf=0.69,uuid=acd57ab9-31ce-4e11-8b59-a7f0f05de4a4
2026-03-12 23:12:27,track=126,tube=araldite,conf=0.69,uuid=06a3861f-7a29-49d1-9960-2d05336c429b
2026-03-12 23:12:27,track=126,tube=araldite,conf=0.62,uuid=e26edb69-1c8e-44b3-9124-1aae94824fb1
2026-03-12 23:12:27,track=126,tube=araldite,conf=0.67,uuid=749be104-eb4b-4dd2-bc42-ffaafb229b97
2026-03-12 23:12:27,track=126,tube=araldite,conf=0.69,uuid=d510bd30-d2f8-485b-8237-35bb423aef4e
2026-03-12 23:12:28,track=126,tube=araldite,conf=0.62,uuid=1e11c507-7e36-4676-af3e-85949e6e812d
2026-03-12 23:12:28,track=126,tube=araldite,conf=0.63,uuid=6dd3952f-6f6d-494b-b9f0-c9ad2d6765d2
2026-03-12 23:12:28,track=126,tube=araldite,conf=0.67,uuid=3bc7914d-10ce-4155-8f1f-d109b22f6541
2026-03-12 23:12:28,track=126,tube=araldite,conf=0.66,uuid=500df5cb-c26e-4eb4-9f71-6498a4e35919
2026-03-12 23:12:28,track=126,tube=araldite,conf=0.64,uuid=c9646ba5-ea03-40bb-bbb5-ac24cac18b6a
2026-03-12 23:12:28,track=126,tube=araldite,conf=0.66,uuid=bc727b8c-57de-4c62-b30f-610ac5639ce0
2026-03-12 23:12:28,track=126,tube=araldite,conf=0.62,uuid=3467d959-15ca-40fa-8dfc-d50a68d19849
2026-03-12 23:12:29,track=126,tube=araldite,conf=0.68,uuid=7f3cdf4b-77f4-4821-befb-ffdd1a0478d1
2026-03-12 23:12:29,track=126,tube=araldite,conf=0.72,uuid=369b55d0-cbf7-45c9-89d1-980919da123f
2026-03-12 23:12:29,track=126,tube=araldite,conf=0.71,uuid=d31adc15-0d96-410a-9b7c-b7111930b702
2026-03-12 23:12:29,track=126,tube=araldite,conf=0.65,uuid=ece3f669-af0a-4ef6-8249-7d5d7386ff93
2026-03-12 23:12:29,track=126,tube=araldite,conf=0.67,uuid=56ba8ac2-9a53-4367-9b3b-a7b8e66d7b8e
2026-03-12 23:12:29,track=126,tube=araldite,conf=0.61,uuid=a5860874-3955-42b1-875b-5797e14a0c9e
2026-03-12 23:12:29,track=126,tube=araldite,conf=0.60,uuid=c25cfbe5-67fc-43b3-822e-fb9c7e632354
2026-03-12 23:12:30,track=126,tube=araldite,conf=0.61,uuid=2fabb24f-6bb8-4d7a-8a35-05ab1477e74d
2026-03-12 23:12:30,track=126,tube=araldite,conf=0.77,uuid=daa21a9d-db4d-4ffd-9175-093a156925ed
2026-03-12 23:12:30,track=126,tube=araldite,conf=0.77,uuid=d0f41de5-18d7-4e3b-b82b-2d68c86778a6
2026-03-12 23:12:30,track=126,tube=araldite,conf=0.70,uuid=166eacd4-bc00-43f8-97d9-03b470c6c80f
2026-03-12 23:12:30,track=126,tube=araldite,conf=0.65,uuid=1ab8f626-eb61-4621-9b10-e11f30d3c33e
2026-03-12 23:12:30,track=126,tube=araldite,conf=0.62,uuid=0d9f14cd-2bcf-4e1d-9322-517e24599db5
2026-03-12 23:12:30,track=126,tube=araldite,conf=0.67,uuid=a4eb95c5-83fd-4a5e-b87b-21025a6c96c4
2026-03-12 23:12:30,track=126,tube=araldite,conf=0.71,uuid=49e9f83f-e7a5-4f63-a178-ff0a1772e3ad
2026-03-12 23:12:31,track=128,tube=araldite,conf=0.78,uuid=fd6f5e9f-c119-495e-9113-f6b664592679
2026-03-12 23:12:31,track=128,tube=araldite,conf=0.78,uuid=310c88b5-6561-4207-a859-2ec6329473b9
2026-03-12 23:12:31,track=128,tube=araldite,conf=0.78,uuid=2fff8221-8242-49a5-8a26-9a5c7e477165
